======================================================================
S5_PivotPoints RERUN — Improved Pivot Logic
Tickers: 17, TFs: 2, Approaches: A/B/C/D
A test years: 2020-2026
B/C/D test years: 2022-2026
======================================================================
  daily: 12 signal x (216 pivot_RM + 288 atr_RM) = 6048 combos
  hourly: 6 signal x (216 pivot_RM + 288 atr_RM) = 3024 combos
  B grid (Range): 1125 combos
Loading data...
  Daily: 50,906 rows, 2014-06-09 — 2026-02-03
  Hourly: 457,542 rows
  Vpred: 39,934 rows, 2017-01-03 — 2026-02-02

Warming up numba...
  Numba warmup done

Processing 17 tickers with 8 workers...
  [1/17] IRAO done (29s)
  [2/17] LSRG done (38s)
  [3/17] AFLT done (38s)
  [4/17] LKOH done (40s)
  [5/17] HYDR done (40s)
  [6/17] MOEX done (42s)
  [7/17] MGNT done (46s)
  [8/17] ALRS done (46s)
  [9/17] MTSS done (68s)
  [10/17] MTLR done (71s)
  [11/17] PHOR done (78s)
  [12/17] RTKM done (80s)
  [13/17] NVTK done (83s)
  [14/17] OGKB done (85s)
  [15/17] TATN done (86s)
  [16/17] SBER done (89s)
  [17/17] VTBR done (105s)

All tickers done in 105s

  Updated results saved: 3299 rows
  (replaced 531 old S5 rows with 566 new)

======================================================================
=== S5_PivotPoints BEFORE vs AFTER ===
======================================================================

  daily:
    A: BEFORE=-0.4200  AFTER=0.2205  delta=+0.6406
    B: BEFORE=-0.0664  AFTER=0.4323  delta=+0.4987
    C: BEFORE=-0.4285  AFTER=0.7927  delta=+1.2212
    D: BEFORE=-0.3813  AFTER=0.2771  delta=+0.6584

  hourly:
    A: BEFORE=-1.3236  AFTER=-1.4720  delta=-0.1484
    B: BEFORE=-0.9858  AFTER=-1.1238  delta=-0.1380
    C: BEFORE=-1.0065  AFTER=-0.8826  delta=+0.1238
    D: BEFORE=-1.2682  AFTER=-1.4169  delta=-0.1487

  === S5_PivotPoints daily (NEW) ===
  approach  MeanSharpe   AnnRet%   AnnVol%   MaxDD%    Exp%   Tr/yr    Win%
         A      0.1399      1.90      6.16    -5.13    8.99    5.56   47.85
         B      0.4323      3.45      5.56    -3.63    5.80    5.40   54.08
         C      0.7428      3.10      4.76    -3.18    7.26    9.21   59.87
         D      0.2771      5.72     10.34    -7.44    8.47    5.29   49.03
  ΔSharpe vs A:  B=+0.292, C=+0.603, D=+0.137
  Top-5 (C):   VTBR(2.02), AFLT(1.69), ALRS(1.67), RTKM(1.58), PHOR(1.42)
  Worst-5 (C): MTSS(1.32), IRAO(0.51), MGNT(0.47), LKOH(0.23), HYDR(0.10)

  === S5_PivotPoints hourly (NEW) ===
  approach  MeanSharpe   AnnRet%   AnnVol%   MaxDD%    Exp%   Tr/yr    Win%
         A     -1.4005     -8.68      6.84   -12.06    8.14   40.23   43.18
         B     -1.1238     -5.53      6.34    -9.92    6.87   36.79   45.21
         C     -0.8960     -2.49      5.05    -6.81    3.82   21.23   44.52
         D     -1.4169    -10.24     10.09   -16.16    7.17   38.18   41.60
  ΔSharpe vs A:  B=+0.277, C=+0.505, D=-0.016
  Top-5 (C):   LSRG(0.39), PHOR(0.18), HYDR(-0.02), OGKB(-0.04), VTBR(-0.06)
  Worst-5 (C): NVTK(-1.66), LKOH(-1.68), MGNT(-1.69), MOEX(-2.01), SBER(-2.17)

======================================================================
DONE in 105s (1.8 min)
======================================================================
