======================================================================
Walk-Forward A/B/C/D Strategy Pipeline (V3)
Tickers: 17, Strategies: 6, TFs: 2
A test years: 2020-2026
B/C/D test years: 2022-2026
Hourly sigma: v2_sqrtN (no variant loop)
Commission: 0.001 per side
======================================================================
Loading data...
  Daily: 50,906 rows, 2014-06-09 — 2026-02-03
  Hourly: 457,542 rows
  Vpred: 39,934 rows, 2017-01-03 — 2026-02-02
  S1_MeanRev daily: 27 signal x 216 RM = 5832 combos
  S1_MeanRev hourly: 27 signal x 216 RM = 5832 combos
  S2_Bollinger daily: 9 signal x 216 RM = 1944 combos
  S2_Bollinger hourly: 9 signal x 216 RM = 1944 combos
  S3_Donchian daily: 4 signal x 396 RM = 1584 combos
  S3_Donchian hourly: 4 signal x 396 RM = 1584 combos
  S4_Supertrend daily: 12 signal x 396 RM = 4752 combos
  S4_Supertrend hourly: 12 signal x 396 RM = 4752 combos
  S5_PivotPoints daily: 1 signal x 216 RM = 216 combos
  S5_PivotPoints hourly: 1 signal x 216 RM = 216 combos
  S6_VWAP daily: 9 signal x 216 RM = 1944 combos
  S6_VWAP hourly: 9 signal x 216 RM = 1944 combos
  B grid (Contrarian): 1125 combos
  B grid (Range): 1125 combos
  B grid (Trend): 1890 combos
  C grid (Trend/Contr): 648 combos
  C grid (Range): 756 combos
  D grid: 1620 standard + 81 inverse = 1701 combos

Warming up numba...
  Numba warmup done

Processing 17 tickers with 8 workers...
  [1/17] LSRG done (344s)
  [2/17] LKOH done (380s)
  [3/17] MGNT done (399s)
  [4/17] IRAO done (410s)
  [5/17] ALRS done (418s)
  [6/17] HYDR done (419s)
  [7/17] AFLT done (429s)
  [8/17] MOEX done (454s)
  [9/17] MTSS done (690s)
  [10/17] MTLR done (712s)
  [11/17] RTKM done (717s)
  [12/17] OGKB done (719s)
  [13/17] PHOR done (732s)
  [14/17] NVTK done (753s)
  [15/17] SBER done (831s)
  [16/17] TATN done (833s)
  [17/17] VTBR done (1024s)

All tickers done in 1024s

Generating outputs...

  === Statistical Tests (B-D vs A) ===
      strategy timeframe comparison    dm_t   dm_p  bs_mean  bs_ci_lo  bs_ci_hi sig
    S1_MeanRev     daily     B_vs_A -0.2877 0.7736   0.0062   -0.0039    0.0164    
    S1_MeanRev     daily     C_vs_A  0.0325 0.9741   0.0122   -0.0019    0.0264    
    S1_MeanRev     daily     D_vs_A  3.0845 0.0020  -0.0006   -0.0069    0.0059 ***
    S1_MeanRev    hourly     B_vs_A  1.0914 0.2751   0.0030   -0.0022    0.0081    
    S1_MeanRev    hourly     C_vs_A  1.3498 0.1771   0.0130   -0.0043    0.0294    
    S1_MeanRev    hourly     D_vs_A  3.1052 0.0019   0.0017    0.0007    0.0027 ***
  S2_Bollinger     daily     B_vs_A  0.8444 0.3984   0.0096    0.0004    0.0193    
  S2_Bollinger     daily     C_vs_A -0.2045 0.8380   0.0133   -0.0024    0.0288    
  S2_Bollinger     daily     D_vs_A  2.6415 0.0083  -0.0024   -0.0089    0.0043 ***
  S2_Bollinger    hourly     B_vs_A  1.8614 0.0627   0.0036    0.0003    0.0068   *
  S2_Bollinger    hourly     C_vs_A  0.9645 0.3348   0.0098   -0.0056    0.0248    
  S2_Bollinger    hourly     D_vs_A  2.3469 0.0189   0.0026    0.0005    0.0049  **
   S3_Donchian     daily     B_vs_A  1.7115 0.0870   0.0160    0.0062    0.0265   *
   S3_Donchian     daily     C_vs_A  1.7965 0.0724   0.0166    0.0075    0.0263   *
   S3_Donchian     daily     D_vs_A  3.3770 0.0007   0.0050   -0.0018    0.0122 ***
   S3_Donchian    hourly     B_vs_A  0.4969 0.6193   0.0043    0.0003    0.0084    
   S3_Donchian    hourly     C_vs_A  3.9461 0.0001   0.0079    0.0052    0.0108 ***
   S3_Donchian    hourly     D_vs_A  2.7634 0.0057   0.0009   -0.0015    0.0034 ***
 S4_Supertrend     daily     B_vs_A -0.8718 0.3833   0.0089   -0.0027    0.0205    
 S4_Supertrend     daily     C_vs_A -1.2985 0.1941   0.0052   -0.0065    0.0169    
 S4_Supertrend     daily     D_vs_A  3.4541 0.0006   0.0041   -0.0026    0.0105 ***
 S4_Supertrend    hourly     B_vs_A -0.4258 0.6703   0.0009   -0.0032    0.0051    
 S4_Supertrend    hourly     C_vs_A  6.2824 0.0000   0.0078    0.0056    0.0101 ***
 S4_Supertrend    hourly     D_vs_A  1.0947 0.2736  -0.0009   -0.0033    0.0015    
S5_PivotPoints     daily     B_vs_A  3.8948 0.0001   0.0189    0.0097    0.0290 ***
S5_PivotPoints     daily     C_vs_A  1.0119 0.3118   0.0105   -0.0162    0.0411    
S5_PivotPoints     daily     D_vs_A  0.0287 0.9771   0.0095    0.0034    0.0160    
S5_PivotPoints    hourly     B_vs_A  5.4624 0.0000   0.0065    0.0040    0.0096 ***
S5_PivotPoints    hourly     C_vs_A  8.4855 0.0000   0.0097    0.0071    0.0124 ***
S5_PivotPoints    hourly     D_vs_A -0.4631 0.6433   0.0072    0.0010    0.0115    
       S6_VWAP     daily     B_vs_A  0.6612 0.5085   0.0034   -0.0060    0.0124    
       S6_VWAP     daily     D_vs_A  2.1923 0.0284   0.0041   -0.0018    0.0101  **
       S6_VWAP    hourly     B_vs_A  3.2689 0.0011   0.0059    0.0012    0.0117 ***
       S6_VWAP    hourly     C_vs_A  2.7611 0.0058   0.0077    0.0013    0.0138 ***
       S6_VWAP    hourly     D_vs_A -1.2710 0.2037   0.0034   -0.0013    0.0079    

  === S1_MeanRev daily ===
  approach  MeanSharpe   AnnRet%   AnnVol%   MaxDD%    Exp%   Tr/yr    Win%
         A      0.3979      3.96      8.18    -6.83   13.13    6.08   54.64
         B      0.5442      4.67      6.92    -4.93    9.37    6.09   55.06
         C      0.6851      5.68      7.43    -5.04    9.12   10.01   55.06
         D      0.5034      8.75     13.12    -9.61   13.42    6.09   52.84
  ΔSharpe vs A:  B=+0.146, C=+0.287, D=+0.105
  p-value vs A:  B=0.774, C=0.974, D=0.002***
  Top-5 (C):   LSRG(1.30), TATN(1.23), MTLR(1.14), RTKM(1.00), VTBR(0.99)
  Worst-5 (C): MGNT(0.71), ALRS(0.41), AFLT(0.38), HYDR(0.33), MTSS(0.30)

  === S1_MeanRev hourly ===
  approach  MeanSharpe   AnnRet%   AnnVol%   MaxDD%    Exp%   Tr/yr    Win%
         A     -0.0418      0.09      2.72    -2.61    1.52    6.40   53.57
         B      0.2143      0.46      2.36    -2.15    1.07    5.57   54.68
         C      0.2120      1.24      3.90    -3.45    4.07   13.83   60.97
         D      0.0387      0.23      2.59    -2.36    1.33    5.66   53.66
  ΔSharpe vs A:  B=+0.256, C=+0.254, D=+0.080
  p-value vs A:  B=0.275, C=0.177, D=0.002***
  Top-5 (B):   HYDR(1.21), TATN(1.19), ALRS(0.91), MTSS(0.74), IRAO(0.59)
  Worst-5 (B): MOEX(-0.14), SBER(-0.17), PHOR(-0.34), NVTK(-0.57), OGKB(-0.63)

  === S2_Bollinger daily ===
  approach  MeanSharpe   AnnRet%   AnnVol%   MaxDD%    Exp%   Tr/yr    Win%
         A      0.3493      3.98      8.49    -7.10   14.37    5.83   53.73
         B      0.6123      5.98      7.85    -5.50   10.18    5.51   54.81
         C      0.6371      5.85      7.06    -4.80    8.63    9.78   51.91
         D      0.4859      8.29     13.77   -11.04   14.05    5.69   53.84
  ΔSharpe vs A:  B=+0.263, C=+0.288, D=+0.137
  p-value vs A:  B=0.398, C=0.838, D=0.008***
  Top-5 (C):   MOEX(1.61), HYDR(1.34), MTLR(1.21), PHOR(1.15), MTSS(1.01)
  Worst-5 (C): SBER(0.47), LKOH(0.39), MGNT(0.18), AFLT(0.06), ALRS(-0.03)

  === S2_Bollinger hourly ===
  approach  MeanSharpe   AnnRet%   AnnVol%   MaxDD%    Exp%   Tr/yr    Win%
         A     -0.0783     -0.10      2.92    -2.88    1.85    7.04   51.85
         B      0.1775      0.69      2.17    -1.84    1.07    5.43   53.27
         C      0.0682      0.72      3.79    -3.17    3.98   11.75   59.41
         D      0.0422      0.90      3.31    -2.78    1.42    5.53   51.86
  ΔSharpe vs A:  B=+0.256, C=+0.146, D=+0.120
  p-value vs A:  B=0.063*, C=0.335, D=0.019**
  Top-5 (B):   HYDR(1.26), TATN(1.12), MTSS(0.78), ALRS(0.73), IRAO(0.58)
  Worst-5 (B): MTLR(-0.15), LSRG(-0.16), MOEX(-0.26), NVTK(-0.28), OGKB(-0.45)

  === S3_Donchian daily ===
  approach  MeanSharpe   AnnRet%   AnnVol%   MaxDD%    Exp%   Tr/yr    Win%
         A      0.3789     10.39     19.80   -16.21   31.12    7.25   50.22
         B      0.6034     12.34     15.59   -10.07   17.28    8.96   56.10
         C      0.6760     12.81     14.66    -8.60   13.33   11.29   53.21
         D      0.4708     18.31     30.93   -23.45   31.01    7.84   50.52
  ΔSharpe vs A:  B=+0.225, C=+0.297, D=+0.092
  p-value vs A:  B=0.087*, C=0.072*, D=0.001***
  Top-5 (C):   OGKB(1.23), MTSS(1.06), ALRS(0.83), AFLT(0.81), RTKM(0.76)
  Worst-5 (C): HYDR(0.50), NVTK(0.44), LSRG(0.41), MOEX(0.40), IRAO(0.02)

  === S3_Donchian hourly ===
  approach  MeanSharpe   AnnRet%   AnnVol%   MaxDD%    Exp%   Tr/yr    Win%
         A      0.0992      4.64     14.78   -14.66   18.43   33.49   39.55
         B      0.4341      7.69     12.03   -10.82   13.30   38.04   41.19
         C      0.6978     11.49     12.11    -8.96    7.63   16.26   47.96
         D      0.2576     14.48     28.78   -26.65   18.96   34.60   39.94
  ΔSharpe vs A:  B=+0.335, C=+0.599, D=+0.158
  p-value vs A:  B=0.619, C=0.000***, D=0.006***
  Top-5 (C):   LKOH(1.76), SBER(1.48), MTLR(1.43), TATN(1.17), RTKM(1.06)
  Worst-5 (C): MTSS(0.27), ALRS(0.23), OGKB(0.17), MGNT(0.08), IRAO(-0.19)

  === S4_Supertrend daily ===
  approach  MeanSharpe   AnnRet%   AnnVol%   MaxDD%    Exp%   Tr/yr    Win%
         A      0.5943     10.34     13.42    -9.49   24.09    4.71   50.29
         B      0.6056      6.67      8.49    -5.00    8.45    5.29   49.90
         C      0.7000      6.69      8.45    -5.54   10.72    9.96   54.92
         D      0.5474     13.69     18.12   -12.32   22.84    4.97   48.43
  ΔSharpe vs A:  B=+0.011, C=+0.106, D=-0.047
  p-value vs A:  B=0.383, C=0.194, D=0.001***
  Top-5 (C):   OGKB(1.07), MGNT(1.03), IRAO(0.99), LKOH(0.99), TATN(0.96)
  Worst-5 (C): MOEX(0.52), AFLT(0.52), MTSS(0.49), RTKM(0.45), NVTK(0.25)

  === S4_Supertrend hourly ===
  approach  MeanSharpe   AnnRet%   AnnVol%   MaxDD%    Exp%   Tr/yr    Win%
         A      0.0779      2.81      9.86   -10.01   12.82   20.04   41.26
         B      0.1581      2.73      7.61    -7.32    7.92   21.46   40.70
         C      0.5256      6.88      8.78    -6.77    7.92   13.07   46.84
         D      0.1782      5.06     14.79   -15.03   13.52   21.26   40.74
  ΔSharpe vs A:  B=+0.080, C=+0.448, D=+0.100
  p-value vs A:  B=0.670, C=0.000***, D=0.274
  Top-5 (C):   RTKM(1.27), AFLT(1.21), HYDR(1.07), NVTK(0.73), LKOH(0.68)
  Worst-5 (C): PHOR(0.14), MTSS(0.12), OGKB(0.03), MOEX(-0.25), TATN(-0.32)

  === S5_PivotPoints daily ===
  approach  MeanSharpe   AnnRet%   AnnVol%   MaxDD%    Exp%   Tr/yr    Win%
         A     -0.4233     -1.53      3.67    -3.79    3.30    4.18   42.38
         B     -0.0664     -0.20      3.47    -2.88    2.65    4.12   50.95
         C     -0.4170     -1.23      2.48    -2.50    3.45    3.62   44.46
         D     -0.3813     -1.67      6.53    -6.32    3.38    4.35   44.00
  ΔSharpe vs A:  B=+0.357, C=+0.006, D=+0.042
  p-value vs A:  B=0.000***, C=0.312, D=0.977
  Top-5 (B):   MTSS(1.01), ALRS(0.63), MTLR(0.62), LKOH(0.53), VTBR(0.46)
  Worst-5 (B): MOEX(-0.53), AFLT(-0.64), PHOR(-0.69), IRAO(-0.77), RTKM(-0.94)

  === S5_PivotPoints hourly ===
  approach  MeanSharpe   AnnRet%   AnnVol%   MaxDD%    Exp%   Tr/yr    Win%
         A     -1.2595     -5.17      4.69    -7.78    3.96   22.92   43.92
         B     -0.9858     -3.42      4.83    -7.10    3.92   22.53   45.55
         C     -0.9740     -3.35      3.91    -6.28    2.89   16.97   46.16
         D     -1.2682     -5.68      6.85   -10.16    3.96   23.10   43.03
  ΔSharpe vs A:  B=+0.274, C=+0.286, D=-0.009
  p-value vs A:  B=0.000***, C=0.000***, D=0.643
  Top-5 (C):   HYDR(0.90), OGKB(0.78), LSRG(0.26), IRAO(0.22), MTSS(-0.00)
  Worst-5 (C): LKOH(-1.62), NVTK(-1.65), MGNT(-1.75), MTLR(-1.82), MOEX(-1.97)

  === S6_VWAP daily ===
  approach  MeanSharpe   AnnRet%   AnnVol%   MaxDD%    Exp%   Tr/yr    Win%
         A      0.1184      0.78      2.79    -1.88    2.36    1.99   45.31
         B      0.2164      0.92      3.02    -1.94    2.36    1.94   51.47
         D      0.1799      1.25      3.82    -2.38    2.30    2.01   46.76
  ΔSharpe vs A:  B=+0.098, D=+0.061
  p-value vs A:  B=0.508, D=0.028**
  Top-5 (B):   ALRS(1.02), MOEX(0.92), SBER(0.89), LKOH(0.71), VTBR(0.62)
  Worst-5 (B): HYDR(0.00), MGNT(-0.01), IRAO(-0.33), AFLT(-0.45), TATN(-0.49)

  === S6_VWAP hourly ===
  approach  MeanSharpe   AnnRet%   AnnVol%   MaxDD%    Exp%   Tr/yr    Win%
         A     -0.9325     -2.64      3.42    -4.73    2.47   17.29   47.84
         B     -0.6052     -1.56      3.70    -4.76    2.64   15.74   50.26
         C     -0.6547     -2.35      3.97    -5.46    2.65   17.33   49.50
         D     -0.9303     -3.23      5.28    -6.79    2.23   16.25   46.81
  ΔSharpe vs A:  B=+0.327, C=+0.278, D=+0.002
  p-value vs A:  B=0.001***, C=0.006***, D=0.204
  Top-5 (B):   RTKM(0.55), OGKB(0.49), HYDR(0.46), IRAO(-0.20), LSRG(-0.27)
  Worst-5 (B): AFLT(-1.08), MOEX(-1.27), ALRS(-1.33), MGNT(-1.37), MTLR(-1.80)

  === B vs A Holding Bars Diagnosis ===
    A: mean_hold=8.1, median_hold=6, trades=711,422
    B: mean_hold=7.8, median_hold=4, trades=488,720

  === Summary: Mean Sharpe ===
      strategy timeframe       A       B       C       D
    S1_MeanRev     daily  0.4655  0.5442  0.6948  0.5034
    S1_MeanRev    hourly -0.0006  0.2143  0.2509  0.0387
  S2_Bollinger     daily  0.4514  0.6123  0.6525  0.4859
  S2_Bollinger    hourly  0.0170  0.1775  0.2280  0.0422
   S3_Donchian     daily  0.3241  0.6034  0.6678  0.4708
   S3_Donchian    hourly  0.2007  0.4341  0.6978  0.2576
 S4_Supertrend     daily  0.4531  0.6056  0.6986  0.5474
 S4_Supertrend    hourly  0.0965  0.1581  0.5256  0.1782
S5_PivotPoints     daily -0.4200 -0.0664 -0.4285 -0.3813
S5_PivotPoints    hourly -1.3236 -0.9858 -1.0064 -1.2682
       S6_VWAP     daily  0.1321  0.2164     NaN  0.1799
       S6_VWAP    hourly -0.9874 -0.6052 -0.5865 -0.9303

  === Summary: Exposure % ===
      strategy timeframe     A     B     C     D
    S1_MeanRev     daily 13.42  9.37  8.83 13.42
    S1_MeanRev    hourly  1.33  1.07  4.18  1.33
  S2_Bollinger     daily 14.05 10.18  8.32 14.05
  S2_Bollinger    hourly  1.42  1.07  4.20  1.42
   S3_Donchian     daily 31.01 17.28 13.30 31.01
   S3_Donchian    hourly 18.96 13.30  7.63 18.96
 S4_Supertrend     daily 22.84  8.45 10.63 22.84
 S4_Supertrend    hourly 13.52  7.92  7.92 13.52
S5_PivotPoints     daily  3.38  2.65  3.63  3.38
S5_PivotPoints    hourly  3.96  3.92  2.86  3.96
       S6_VWAP     daily  2.30  2.36   NaN  2.30
       S6_VWAP    hourly  2.23  2.64  2.81  2.23

  === Summary: Trades/yr ===
      strategy timeframe     A     B     C     D
    S1_MeanRev     daily  6.09  6.09  9.53  6.09
    S1_MeanRev    hourly  5.66  5.57 14.20  5.66
  S2_Bollinger     daily  5.69  5.51  9.61  5.69
  S2_Bollinger    hourly  5.53  5.43 12.50  5.53
   S3_Donchian     daily  7.84  8.96 11.33  7.84
   S3_Donchian    hourly 34.60 38.04 16.26 34.60
 S4_Supertrend     daily  4.97  5.29  9.93  4.97
 S4_Supertrend    hourly 21.26 21.46 13.07 21.26
S5_PivotPoints     daily  4.35  4.12  4.00  4.35
S5_PivotPoints    hourly 23.10 22.53 16.42 23.10
       S6_VWAP     daily  2.01  1.94   NaN  2.01
       S6_VWAP    hourly 16.25 15.74 17.75 16.25

  Full results saved: 3264 rows

  === Sanity Checks ===
    A: avg exposure=10.8%, avg trades=11.4
    B: avg exposure=6.7%, avg trades=11.7
    C: avg exposure=8.4%, avg trades=12.6
    D: avg exposure=10.7%, avg trades=11.4

  Trade log saved: 1214810 trades → /Users/nilysenok/Desktop/MOEX_ISS/moex_volatility/results/final/strategies/walkforward_v3/trade_log.parquet
  Exit reasons:
    trail_SL: 633374 (52.1%)
    SL: 214469 (17.7%)
    signal: 152921 (12.6%)
    TP: 116273 (9.6%)
    breakeven: 50827 (4.2%)
    max_hold: 25055 (2.1%)
    position: 14547 (1.2%)
    ADX_exit: 4325 (0.4%)
    time_decay: 2898 (0.2%)
    end_data: 121 (0.0%)
  Daily positions saved: 4286017 rows → /Users/nilysenok/Desktop/MOEX_ISS/moex_volatility/results/final/strategies/walkforward_v3/daily_positions.parquet

======================================================================
DONE in 1166s (19.4 min)
======================================================================
